<?xml version="1.0" encoding="UTF-8"?>
<testsuite xmlns:xsi="http://www.w3.org/2001/XMLSchema-instance" xsi:noNamespaceSchemaLocation="https://maven.apache.org/surefire/maven-surefire-plugin/xsd/surefire-test-report-3.0.xsd" version="3.0" name="TicketServiceCommandHandlerTest" time="0.226" tests="13" errors="0" skipped="0" failures="0">
  <properties>
[...]
</properties>
  <testcase name="testDeleteMovie" classname="TicketServiceCommandHandlerTest" time="0.168"/>
  <testcase name="testDescribeAccount" classname="TicketServiceCommandHandlerTest" time="0.002"/>
  <testcase name="testCreateScreening" classname="TicketServiceCommandHandlerTest" time="0.007"/>
  <testcase name="testUpdateMovie" classname="TicketServiceCommandHandlerTest" time="0.002"/>
  <testcase name="testLogIn" classname="TicketServiceCommandHandlerTest" time="0.002"/>
  <testcase name="testCreateMovie" classname="TicketServiceCommandHandlerTest" time="0.003"/>
  <testcase name="testUpdateRoom" classname="TicketServiceCommandHandlerTest" time="0.005"/>
  <testcase name="testListRooms" classname="TicketServiceCommandHandlerTest" time="0.005"/>
  <testcase name="testListMovies" classname="TicketServiceCommandHandlerTest" time="0.003"/>
  <testcase name="testListScreenings" classname="TicketServiceCommandHandlerTest" time="0.002"/>
  <testcase name="testCreateRoom" classname="TicketServiceCommandHandlerTest" time="0.006"/>
  <testcase name="testDeleteRoom" classname="TicketServiceCommandHandlerTest" time="0.003"/>
  <testcase name="testSignOut" classname="TicketServiceCommandHandlerTest" time="0.003"/>
</testsuite>